DEBUG main org.apache.http.impl.conn.BasicClientConnectionManager - Releasing connection org.apache.http.impl.conn.ManagedClientConnectionImpl@2d30e79d
DEBUG main org.apache.http.impl.conn.BasicClientConnectionManager - Connection can be kept alive indefinitely
DEBUG main org.apache.http.impl.conn.BasicClientConnectionManager - Get connection for route {}->http://jisutqybmf.market.alicloudapi.com
DEBUG main org.apache.http.impl.conn.DefaultClientConnectionOperator - Connecting to jisutqybmf.market.alicloudapi.com:80
DEBUG main org.apache.http.client.protocol.RequestAddCookies - CookieSpec selected: best-match
DEBUG main org.apache.http.client.protocol.RequestAuthCache - Auth cache not set in the context
DEBUG main org.apache.http.client.protocol.RequestProxyAuthentication - Proxy auth state: UNCHALLENGED
DEBUG main org.apache.http.impl.client.DefaultHttpClient - Attempt 1 to execute request
DEBUG main org.apache.http.impl.conn.DefaultClientConnection - Sending request: GET /weather/query?citycode=citycode&location=location&ip=ip&cityid=cityid&city=%E6%B7%AE%E5%AE%89%E5%B8%82 HTTP/1.1
DEBUG main org.apache.http.wire - >> "GET /weather/query?citycode=citycode&location=location&ip=ip&cityid=cityid&city=%E6%B7%AE%E5%AE%89%E5%B8%82 HTTP/1.1[\r][\n]"
DEBUG main org.apache.http.wire - >> "Authorization: APPCODE f001b7a48d474b8e89f7006d440bd200[\r][\n]"
DEBUG main org.apache.http.wire - >> "Host: jisutqybmf.market.alicloudapi.com[\r][\n]"
DEBUG main org.apache.http.wire - >> "Connection: Keep-Alive[\r][\n]"
DEBUG main org.apache.http.wire - >> "User-Agent: Apache-HttpClient/4.2.5 (java 1.5)[\r][\n]"
DEBUG main org.apache.http.wire - >> "[\r][\n]"
DEBUG main org.apache.http.headers - >> GET /weather/query?citycode=citycode&location=location&ip=ip&cityid=cityid&city=%E6%B7%AE%E5%AE%89%E5%B8%82 HTTP/1.1
DEBUG main org.apache.http.headers - >> Authorization: APPCODE f001b7a48d474b8e89f7006d440bd200
DEBUG main org.apache.http.headers - >> Host: jisutqybmf.market.alicloudapi.com
DEBUG main org.apache.http.headers - >> Connection: Keep-Alive
DEBUG main org.apache.http.headers - >> User-Agent: Apache-HttpClient/4.2.5 (java 1.5)
DEBUG main org.apache.http.wire - << "HTTP/1.1 200 OK[\r][\n]"
DEBUG main org.apache.http.wire - << "Server: Tengine[\r][\n]"
DEBUG main org.apache.http.wire - << "Date: Thu, 24 May 2018 05:59:52 GMT[\r][\n]"
DEBUG main org.apache.http.wire - << "Content-Type: application/json; charset=UTF-8[\r][\n]"
DEBUG main org.apache.http.wire - << "Content-Length: 5221[\r][\n]"
DEBUG main org.apache.http.wire - << "Connection: keep-alive[\r][\n]"
DEBUG main org.apache.http.wire - << "Vary: Accept-Encoding[\r][\n]"
DEBUG main org.apache.http.wire - << "Access-Control-Allow-Origin: *[\r][\n]"
DEBUG main org.apache.http.wire - << "Access-Control-Allow-Methods: GET,POST,PUT,DELETE,HEAD,OPTIONS,PATCH[\r][\n]"
DEBUG main org.apache.http.wire - << "Access-Control-Allow-Headers: X-Requested-With,X-Sequence,X-Ca-Key,X-Ca-Secret,X-Ca-Version,X-Ca-Timestamp,X-Ca-Nonce,X-Ca-API-Key,X-Ca-Stage,X-Ca-Client-DeviceId,X-Ca-Client-AppId,X-Ca-Signature,X-Ca-Signature-Headers,X-Ca-Signature-Method,X-Forwarded-For,X-Ca-Date,X-Ca-Request-Mode,Authorization,Content-Type,Accept,Accept-Ranges,Cache-Control,Range,Content-MD5[\r][\n]"
DEBUG main org.apache.http.wire - << "Access-Control-Max-Age: 172800[\r][\n]"
DEBUG main org.apache.http.wire - << "X-Ca-Request-Id: 2E3ECEAE-1B31-4696-8261-736B917DF99F[\r][\n]"
DEBUG main org.apache.http.wire - << "X-Powered-By: PHP/5.4.16[\r][\n]"
DEBUG main org.apache.http.wire - << "X-Ca-Error-Message: OK[\r][\n]"
DEBUG main org.apache.http.wire - << "[\r][\n]"
DEBUG main org.apache.http.impl.conn.DefaultClientConnection - Receiving response: HTTP/1.1 200 OK
DEBUG main org.apache.http.headers - << HTTP/1.1 200 OK
DEBUG main org.apache.http.headers - << Server: Tengine
DEBUG main org.apache.http.headers - << Date: Thu, 24 May 2018 05:59:52 GMT
DEBUG main org.apache.http.headers - << Content-Type: application/json; charset=UTF-8
DEBUG main org.apache.http.headers - << Content-Length: 5221
DEBUG main org.apache.http.headers - << Connection: keep-alive
DEBUG main org.apache.http.headers - << Vary: Accept-Encoding
DEBUG main org.apache.http.headers - << Access-Control-Allow-Origin: *
DEBUG main org.apache.http.headers - << Access-Control-Allow-Methods: GET,POST,PUT,DELETE,HEAD,OPTIONS,PATCH
DEBUG main org.apache.http.headers - << Access-Control-Allow-Headers: X-Requested-With,X-Sequence,X-Ca-Key,X-Ca-Secret,X-Ca-Version,X-Ca-Timestamp,X-Ca-Nonce,X-Ca-API-Key,X-Ca-Stage,X-Ca-Client-DeviceId,X-Ca-Client-AppId,X-Ca-Signature,X-Ca-Signature-Headers,X-Ca-Signature-Method,X-Forwarded-For,X-Ca-Date,X-Ca-Request-Mode,Authorization,Content-Type,Accept,Accept-Ranges,Cache-Control,Range,Content-MD5
DEBUG main org.apache.http.headers - << Access-Control-Max-Age: 172800
DEBUG main org.apache.http.headers - << X-Ca-Request-Id: 2E3ECEAE-1B31-4696-8261-736B917DF99F
DEBUG main org.apache.http.headers - << X-Powered-By: PHP/5.4.16
DEBUG main org.apache.http.headers - << X-Ca-Error-Message: OK
DEBUG main org.apache.http.impl.client.DefaultHttpClient - Connection can be kept alive indefinitely
DEBUG main org.apache.http.wire - << "{"status":"0","msg":"ok","result":{"city":"[0xe6][0xb7][0xae][0xe5][0xae][0x89]","cityid":"223","citycode":"101190901","date":"2018-05-24","week":"[0xe6][0x98][0x9f][0xe6][0x9c][0x9f][0xe5][0x9b][0x9b]","weather":"[0xe9][0x98][0xb4]","temp":"22","temphigh":"22","templow":"17","img":"2","humidity":"70","pressure":"1007","windspeed":"0.9","winddirect":"[0xe5][0x8d][0x97][0xe9][0xa3][0x8e]","windpower":"1[0xe7][0xba][0xa7]","updatetime":"2018-05-24 13:25:00","index":[{"iname":"[0xe7][0xa9][0xba][0xe8][0xb0][0x83][0xe6][0x8c][0x87][0xe6][0x95][0xb0]","ivalue":"[0xe8][0xbe][0x83][0xe5][0xb0][0x91][0xe5][0xbc][0x80][0xe5][0x90][0xaf]","detail":"[0xe6][0x82][0xa8][0xe5][0xb0][0x86][0xe6][0x84][0x9f][0xe5][0x88][0xb0][0xe5][0xbe][0x88][0xe8][0x88][0x92][0xe9][0x80][0x82][0xef][0xbc][0x8c][0xe4][0xb8][0x80][0xe8][0x88][0xac][0xe4][0xb8][0x8d][0xe9][0x9c][0x80][0xe8][0xa6][0x81][0xe5][0xbc][0x80][0xe5][0x90][0xaf][0xe7][0xa9][0xba][0xe8][0xb0][0x83][0xe3][0x80][0x82]"},{"iname":"[0xe8][0xbf][0x90][0xe5][0x8a][0xa8][0xe6][0x8c][0x87][0xe6][0x95][0xb0]","ivalue":"[0xe8][0xbe][0x83][0xe9][0x80][0x82][0xe5][0xae][0x9c]","detail":"[0xe9][0x98][0xb4][0xe5][0xa4][0xa9][0xef][0xbc][0x8c][0xe8][0xbe][0x83][0xe9][0x80][0x82][0xe5][0xae][0x9c][0xe8][0xbf][0x9b][0xe8][0xa1][0x8c][0xe5][0x90][0x84][0xe7][0xa7][0x8d][0xe6][0x88][0xb7][0xe5][0x86][0x85][0xe5][0xa4][0x96][0xe8][0xbf][0x90][0xe5][0x8a][0xa8][0xe3][0x80][0x82]"},{"iname":"[0xe7][0xb4][0xab][0xe5][0xa4][0x96][0xe7][0xba][0xbf][0xe6][0x8c][0x87][0xe6][0x95][0xb0]","ivalue":"[0xe6][0x9c][0x80][0xe5][0xbc][0xb1]","detail":"[0xe5][0xb1][0x9e][0xe5][0xbc][0xb1][0xe7][0xb4][0xab][0xe5][0xa4][0x96][0xe7][0xba][0xbf][0xe8][0xbe][0x90][0xe5][0xb0][0x84][0xe5][0xa4][0xa9][0xe6][0xb0][0x94][0xef][0xbc][0x8c][0xe6][0x97][0xa0][0xe9][0x9c][0x80][0xe7][0x89][0xb9][0xe5][0x88][0xab][0xe9][0x98][0xb2][0xe6][0x8a][0xa4][0xe3][0x80][0x82][0xe8][0x8b][0xa5][0xe9][0x95][0xbf][0xe6][0x9c][0x9f][0xe5][0x9c][0xa8][0xe6][0x88][0xb7][0xe5][0xa4][0x96][0xef][0xbc][0x8c][0xe5][0xbb][0xba][0xe8][0xae][0xae][0xe6][0xb6][0x82][0xe6][0x93][0xa6]SPF[0xe5][0x9c][0xa8]8-12[0xe4][0xb9][0x8b][0xe9][0x97][0xb4][0xe7][0x9a][0x84][0xe9][0x98][0xb2][0xe6][0x99][0x92][0xe6][0x8a][0xa4][0xe8][0x82][0xa4][0xe5][0x93][0x81][0xe3][0x80][0x82]"},{"iname":"[0xe6][0x84][0x9f][0xe5][0x86][0x92][0xe6][0x8c][0x87][0xe6][0x95][0xb0]","ivalue":"[0xe8][0xbe][0x83][0xe6][0x98][0x93][0xe5][0x8f][0x91]","detail":"[0xe7][0x9b][0xb8][0xe5][0xaf][0xb9][0xe4][0xbb][0x8a][0xe5][0xa4][0xa9][0xe5][0x87][0xba][0xe7][0x8e][0xb0][0xe4][0xba][0x86][0xe8][0xbe][0x83][0xe5][0xa4][0xa7][0xe5][0xb9][0x85][0xe5][0xba][0xa6][0xe9][0x99][0x8d][0xe6][0xb8][0xa9][0xef][0xbc][0x8c][0xe8][0xbe][0x83][0xe6][0x98][0x93][0xe5][0x8f][0x91][0xe7][0x94][0x9f][0xe6][0x84][0x9f][0xe5][0x86][0x92][0xef][0xbc][0x8c][0xe4][0xbd][0x93][0xe8][0xb4][0xa8][0xe8][0xbe][0x83][0xe5][0xbc][0xb1][0xe7][0x9a][0x84][0xe6][0x9c][0x8b][0xe5][0x8f][0x8b][0xe8][0xaf][0xb7][0xe6][0xb3][0xa8][0xe6][0x84][0x8f][0xe9][0x80][0x82][0xe5][0xbd][0x93][0xe9][0x98][0xb2][0xe6][0x8a][0xa4][0xe3][0x80][0x82]"},{"iname":"[0xe6][0xb4][0x97][0xe8][0xbd][0xa6][0xe6][0x8c][0x87][0xe6][0x95][0xb0]","ivalue":"[0xe4][0xb8][0x8d][0xe5][0xae][0x9c]","detail":"[0xe4][0xb8][0x8d][0xe5][0xae][0x9c][0xe6][0xb4][0x97][0xe8][0xbd][0xa6][0xef][0xbc][0x8c][0xe6][0x9c][0xaa][0xe6][0x9d][0xa5]24[0xe5][0xb0][0x8f][0xe6][0x97][0xb6][0xe5][0x86][0x85][0xe6][0x9c][0x89][0xe9][0x9b][0xa8][0xef][0xbc][0x8c][0xe5][0xa6][0x82][0xe6][0x9e][0x9c][0xe5][0x9c][0xa8][0xe6][0xad][0xa4][0xe6][0x9c][0x9f][0xe9][0x97][0xb4][0xe6][0xb4][0x97][0xe8][0xbd][0xa6][0xef][0xbc][0x8c][0xe9][0x9b][0xa8][0xe6][0xb0][0xb4][0xe5][0x92][0x8c][0xe8][0xb7][0xaf][0xe4][0xb8][0x8a][0xe7][0x9a][0x84][0xe6][0xb3][0xa5][0xe6][0xb0][0xb4][0xe5][0x8f][0xaf][0xe8][0x83][0xbd][0xe4][0xbc][0x9a][0xe5][0x86][0x8d][0xe6][0xac][0xa1][0xe5][0xbc][0x84][0xe8][0x84][0x8f][0xe6][0x82][0xa8][0xe7][0x9a][0x84][0xe7][0x88][0xb1][0xe8][0xbd][0xa6][0xe3][0x80][0x82]"},{"iname":"[0xe7][0xa9][0xba][0xe6][0xb0][0x94][0xe6][0xb1][0xa1][0xe6][0x9f][0x93][0xe6][0x89][0xa9][0xe6][0x95][0xa3][0xe6][0x8c][0x87][0xe6][0x95][0xb0]","ivalue":"[0xe8][0x89][0xaf]","detail":"[0xe6][0xb0][0x94][0xe8][0xb1][0xa1][0xe6][0x9d][0xa1][0xe4][0xbb][0xb6][0xe6][0x9c][0x89][0xe5][0x88][0xa9][0xe4][0xba][0x8e][0xe7][0xa9][0xba][0xe6][0xb0][0x94][0xe6][0xb1][0xa1][0xe6][0x9f][0x93][0xe7][0x89][0xa9][0xe7][0xa8][0x80][0xe9][0x87][0x8a][0xe3][0x80][0x81][0xe6][0x89][0xa9][0xe6][0x95][0xa3][0xe5][0x92][0x8c][0xe6][0xb8][0x85][0xe9][0x99][0xa4][0xef][0xbc][0x8c][0xe5][0x8f][0xaf][0xe5][0x9c][0xa8][0xe5][0xae][0xa4][0xe5][0xa4][0x96][0xe6][0xad][0xa3][0xe5][0xb8][0xb8][0xe6][0xb4][0xbb][0xe5][0x8a][0xa8][0xe3][0x80][0x82]"},{"iname":"[0xe7][0xa9][0xbf][0xe8][0xa1][0xa3][0xe6][0x8c][0x87][0xe6][0x95][0xb0]","ivalue":"[0xe8][0xbe][0x83][0xe8][0x88][0x92][0xe9][0x80][0x82]","detail":"[0xe5][0xbb][0xba][0xe8][0xae][0xae][0xe7][0x9d][0x80][0xe8][0x96][0x84][0xe5][0xa4][0x96][0xe5][0xa5][0x97][0xe3][0x80][0x81][0xe5][0xbc][0x80][0xe8][0xa1][0xab][0xe7][0x89][0x9b][0xe4][0xbb][0x94][0xe8][0xa1][0xab][0xe8][0xa3][0xa4][0xe7][0xad][0x89][0xe6][0x9c][0x8d][0xe8][0xa3][0x85][0xe3][0x80][0x82][0xe5][0xb9][0xb4][0xe8][0x80][0x81][0xe4][0xbd][0x93][0xe5][0xbc][0xb1][0xe8][0x80][0x85][0xe5][0xba][0x94][0xe9][0x80][0x82][0xe5][0xbd][0x93][0xe6][0xb7][0xbb][0xe5][0x8a][0xa0][0xe8][0xa1][0xa3][0xe7][0x89][0xa9][0xef][0xbc][0x8c][0xe5][0xae][0x9c][0xe7][0x9d][0x80][0xe5][0xa4][0xb9][0xe5][0x85][0x8b][0xe8][0xa1][0xab][0xe3][0x80][0x81][0xe8][0x96][0x84][0xe6][0xaf][0x9b][0xe8][0xa1][0xa3][0xe7][0xad][0x89][0xe3][0x80][0x82]"}],"aqi":{"so2":"6","so224":"10","no2":"11","no224":"15","co":"0.460","co24":"0.540","o3":"91","o38":"82","o324":"127","pm10":"39","pm1024":"50","pm2_5":"33","pm2_524":"29","iso2":"2","ino2":"6","ico":"5","io3":"29","io38":"41","ipm10":"33","ipm2_5":"48","aqi":"48","primarypollutant":"PM2.5","quality":"[0xe4][0xbc][0x98]","timepoint":"2018-05-19 21:00:00","aqiinfo":{"level":"[0xe4][0xb8][0x80][0xe7][0xba][0xa7]","color":"#00e400","affect":"[0xe7][0xa9][0xba][0xe6][0xb0][0x94][0xe8][0xb4][0xa8][0xe9][0x87][0x8f][0xe4][0xbb][0xa4][0xe4][0xba][0xba][0xe6][0xbb][0xa1][0xe6][0x84][0x8f][0xef][0xbc][0x8c][0xe5][0x9f][0xba][0xe6][0x9c][0xac][0xe6][0x97][0xa0][0xe7][0xa9][0xba][0xe6][0xb0][0x94][0xe6][0xb1][0xa1][0xe6][0x9f][0x93]","measure":"[0xe5][0x90][0x84][0xe7][0xb1][0xbb][0xe4][0xba][0xba][0xe7][0xbe][0xa4][0xe5][0x8f][0xaf][0xe6][0xad][0xa3][0xe5][0xb8][0xb8][0xe6][0xb4][0xbb][0xe5][0x8a][0xa8]"}},"daily":[{"date":"2018-05-24","week":"[0xe6][0x98][0x9f][0xe6][0x9c][0x9f][0xe5][0x9b][0x9b]","sunrise":"04:59","sunset":"19:03","night":{"weather":"[0xe4][0xb8][0xad][0xe9][0x9b][0xa8]","templow":"17","img":"8","winddirect":"[0xe4][0xb8][0x9c][0xe5][0x8d][0x97][0xe9][0xa3][0x8e]","windpower":"3-5[0xe7][0xba][0xa7]"},"day":{"weather":"[0xe9][0x98][0xb4]","temphigh":"22","img":"2","winddirect":"[0xe5][0x8d][0x97][0xe9][0xa3][0x8e]","windpower":"3-5[0xe7][0xba][0xa7]"}},{"date":"2018-05-25","week":"[0xe6][0x98][0x9f][0xe6][0x9c][0x9f][0xe4][0xba][0x94]","sunrise":"04:58","sunset":"19:04","night":{"weather":"[0xe5][0xa4][0x9a][0xe4][0xba][0x91]","templow":"16","img":"1","winddirect":"[0xe4][0xb8][0x9c][0xe5][0x8c][0x97][0xe9][0xa3][0x8e]","windpower":"3-5[0xe7][0xba][0xa7]"},"day":{"weather":"[0xe4][0xb8][0xad][0xe9][0x9b][0xa8]","temphigh":"19","img":"8","winddirect":"[0xe4][0xb8][0x9c][0xe5][0x8c][0x97][0xe9][0xa3][0x8e]","windpower":"3-5[0xe7][0xba][0xa7]"}},{"date":"2018-05-26","week":"[0xe6][0x98][0x9f][0xe6][0x9c][0x9f][0xe5][0x85][0xad]","sunrise":"04:58","sunset":"19:05","night":{"weather":"[0xe5][0xa4][0x9a][0xe4][0xba][0x91]","templow":"18","img":"1","winddirect":"[0xe4][0xb8][0x9c][0xe5][0x8d][0x97][0xe9][0xa3][0x8e]","windpower":"3-5[0xe7][0xba][0xa7]"},"day":{"weather":"[0xe5][0xa4][0x9a][0xe4][0xba][0x91]","temphigh":"26","img":"1","winddirect":"[0xe4][0xb8][0x9c][0xe9][0xa3][0x8e]","windpower":"3-5[0xe7][0xba][0xa7]"}},{"date":"2018-05-27","week":"[0xe6][0x98][0x9f][0xe6][0x9c][0x9f][0xe6][0x97][0xa5]","sunrise":"04:57","sunset":"19:05","night":{"weather":"[0xe5][0xa4][0x9a][0xe4][0xba][0x91]","templow":"19","img":"1","winddirect":"[0xe8][0xa5][0xbf][0xe9][0xa3][0x8e]","windpower":"3-5[0xe7][0xba][0xa7]"},"day":{"weather":"[0xe5][0xa4][0x9a][0xe4][0xba][0x91]","temphigh":"28","img":"1","winddirect":"[0xe8][0xa5][0xbf][0xe9][0xa3][0x8e]","windpower":"3-5[0xe7][0xba][0xa7]"}},{"date":"2018-05-28","week":"[0xe6][0x98][0x9f][0xe6][0x9c][0x9f][0xe4][0xb8][0x80]","sunrise":"04:57","sunset":"19:06","night":{"weather":"[0xe5][0xa4][0x9a][0xe4][0xba][0x91]","templow":"19","img":"1","winddirect":"[0xe4][0xb8][0x9c][0xe5][0x8d][0x97][0xe9][0xa3][0x8e]","windpower":"3-5[0xe7][0xba][0xa7]"},"day":{"weather":"[0xe5][0xa4][0x9a][0xe4][0xba][0x91]","temphigh":"28","img":"1","winddirect":"[0xe8][0xa5][0xbf][0xe9][0xa3][0x8e]","windpower":"3-5[0xe7][0xba][0xa7]"}},{"date":"2018-05-29","week":"[0xe6][0x98][0x9f][0xe6][0x9c][0x9f][0xe4][0xba][0x8c]","sunrise":"04:56","sunset":"19:06","night":{"weather":"[0xe5][0xa4][0x9a][0xe4][0xba][0x91]","templow":"19","img":"1","winddirect":"[0xe4][0xb8][0x9c][0xe5][0x8c][0x97][0xe9][0xa3][0x8e]","windpower":"3-5[0xe7][0xba][0xa7]"},"day":{"weather":"[0xe5][0xa4][0x9a][0xe4][0xba][0x91]","temphigh":"28","img":"1","winddirect":"[0xe4][0xb8][0x9c][0xe5][0x8d][0x97][0xe9][0xa3][0x8e]","windpower":"3-5[0xe7][0xba][0xa7]"}},{"date":"2018-05-30","week":"[0xe6][0x98][0x9f][0xe6][0x9c][0x9f][0xe4][0xb8][0x89]","sunrise":"04:56","sunset":"19:07","night":{"weather":"[0xe9][0x98][0xb4]","templow":"18","img":"2","winddirect":"[0xe6][0x8c][0x81][0xe7][0xbb][0xad][0xe6][0x97][0xa0][0xe9][0xa3][0x8e][0xe5][0x90][0x91]","windpower":"[0xe5][0xbe][0xae][0xe9][0xa3][0x8e]"},"day":{"weather":"[0xe5][0xa4][0x9a][0xe4][0xba][0x91]","temphigh":"28","img":"1","winddirect":"[0xe4][0xb8][0x9c][0xe5][0x8c][0x97][0xe9][0xa3][0x8e]","windpower":"3-5[0xe7][0xba][0xa7]"}}],"hourly":[{"time":"13:00","weather":"[0xe5][0xa4][0x9a][0xe4][0xba][0x91]","temp":"23","img":"1"},{"time":"14:00","weather":"[0xe5][0xa4][0x9a][0xe4][0xba][0x91]","temp":"23","img":"1"},{"time":"15:00","weather":"[0xe5][0xa4][0x9a][0xe4][0xba][0x91]","temp":"22","img":"1"},{"time":"16:00","weather":"[0xe5][0xa4][0x9a][0xe4][0xba][0x91]","temp":"22","img":"1"},{"time":"17:00","weather":"[0xe5][0xa4][0x9a][0xe4][0xba][0x91]","temp":"21","img":"1"},{"time":"18:00","weather":"[0xe5][0xa4][0x9a][0xe4][0xba][0x91]","temp":"21","img":"1"},{"time":"19:00","weather":"[0xe5][0xa4][0x9a][0xe4][0xba][0x91]","temp":"20","img":"1"},{"time":"20:00","weather":"[0xe5][0xa4][0x9a][0xe4][0xba][0x91]","temp":"20","img":"1"},{"time":"21:00","weather":"[0xe5][0xa4][0x9a][0xe4][0xba][0x91]","temp":"19","img":"1"},{"time":"22:00","weather":"[0xe5][0xa4][0x9a][0xe4][0xba][0x91]","temp":"19","img":"1"},{"time":"23:00","weather":"[0xe5][0xa4][0x9a][0xe4][0xba][0x91]","temp":"19","img":"1"},{"time":"0:00","weather":"[0xe5][0xa4][0x9a][0xe4][0xba][0x91]","temp":"18","img":"1"},{"time":"1:00","weather":"[0xe5][0xa4][0x9a][0xe4][0xba][0x91]","temp":"18","img":"1"},{"time":"2:00","weather":"[0xe5][0xa4][0x9a][0xe4][0xba][0x91]","temp":"17","img":"1"},{"time":"3:00","weather":"[0xe5][0xa4][0x9a][0xe4][0xba][0x91]","temp":"17","img":"1"},{"time":"4:00","weather":"[0xe5][0xb0][0x8f][0xe9][0x9b][0xa8]","temp":"17","img":"7"},{"time":"5:00","weather":"[0xe5][0xb0][0x8f][0xe9][0x9b][0xa8]","temp":"17","img":"7"},{"time":"6:00","weather":"[0xe5][0xb0][0x8f][0xe9][0x9b][0xa8]","temp":"17","img":"7"},{"time":"7:00","weather":"[0xe5][0xa4][0x9a][0xe4][0xba][0x91]","temp":"17","img":"1"},{"time":"8:00","weather":"[0xe5][0xa4][0x9a][0xe4][0xba][0x91]","temp":"17","img":"1"},{"time":"9:00","weather":"[0xe5][0xa4][0x9a][0xe4][0xba][0x91]","temp":"17","img":"1"},{"time":"10:00","weather":"[0xe5][0xa4][0x9a][0xe4][0xba][0x91]","temp":"17","img":"1"},{"time":"11:00","weather":"[0xe5][0xa4][0x9a][0xe4][0xba][0x91]","temp":"17","img":"1"},{"time":"12:00","weather":"[0xe5][0xa4][0x9a][0xe4][0xba][0x91]","temp":"18","img":"1"}]}}"
DEBUG main org.apache.http.impl.conn.BasicClientConnectionManager - Releasing connection org.apache.http.impl.conn.ManagedClientConnectionImpl@2f7af3
DEBUG main org.apache.http.impl.conn.BasicClientConnectionManager - Connection can be kept alive indefinitely
DEBUG main org.apache.http.impl.conn.BasicClientConnectionManager - Get connection for route {}->http://jisutqybmf.market.alicloudapi.com
DEBUG main org.apache.http.impl.conn.DefaultClientConnectionOperator - Connecting to jisutqybmf.market.alicloudapi.com:80
DEBUG main org.apache.http.client.protocol.RequestAddCookies - CookieSpec selected: best-match
DEBUG main org.apache.http.client.protocol.RequestAuthCache - Auth cache not set in the context
DEBUG main org.apache.http.client.protocol.RequestProxyAuthentication - Proxy auth state: UNCHALLENGED
DEBUG main org.apache.http.impl.client.DefaultHttpClient - Attempt 1 to execute request
DEBUG main org.apache.http.impl.conn.DefaultClientConnection - Sending request: GET /weather/query?citycode=citycode&city=%E5%94%90%E5%B1%B1%E5%B8%82&ip=ip&location=location&cityid=cityid HTTP/1.1
DEBUG main org.apache.http.wire - >> "GET /weather/query?citycode=citycode&city=%E5%94%90%E5%B1%B1%E5%B8%82&ip=ip&location=location&cityid=cityid HTTP/1.1[\r][\n]"
DEBUG main org.apache.http.wire - >> "Authorization: APPCODE f001b7a48d474b8e89f7006d440bd200[\r][\n]"
DEBUG main org.apache.http.wire - >> "Host: jisutqybmf.market.alicloudapi.com[\r][\n]"
DEBUG main org.apache.http.wire - >> "Connection: Keep-Alive[\r][\n]"
DEBUG main org.apache.http.wire - >> "User-Agent: Apache-HttpClient/4.2.5 (java 1.5)[\r][\n]"
DEBUG main org.apache.http.wire - >> "[\r][\n]"
DEBUG main org.apache.http.headers - >> GET /weather/query?citycode=citycode&city=%E5%94%90%E5%B1%B1%E5%B8%82&ip=ip&location=location&cityid=cityid HTTP/1.1
DEBUG main org.apache.http.headers - >> Authorization: APPCODE f001b7a48d474b8e89f7006d440bd200
DEBUG main org.apache.http.headers - >> Host: jisutqybmf.market.alicloudapi.com
DEBUG main org.apache.http.headers - >> Connection: Keep-Alive
DEBUG main org.apache.http.headers - >> User-Agent: Apache-HttpClient/4.2.5 (java 1.5)
DEBUG main org.apache.http.wire - << "HTTP/1.1 403 Forbidden[\r][\n]"
DEBUG main org.apache.http.wire - << "Server: Tengine[\r][\n]"
DEBUG main org.apache.http.wire - << "Date: Thu, 13 Sep 2018 05:56:27 GMT[\r][\n]"
DEBUG main org.apache.http.wire - << "Content-Type: text/plain;charset=UTF-8[\r][\n]"
DEBUG main org.apache.http.wire - << "Content-Length: 0[\r][\n]"
DEBUG main org.apache.http.wire - << "Connection: keep-alive[\r][\n]"
DEBUG main org.apache.http.wire - << "Access-Control-Allow-Origin: *[\r][\n]"
DEBUG main org.apache.http.wire - << "Access-Control-Allow-Methods: GET,POST,PUT,DELETE,HEAD,OPTIONS,PATCH[\r][\n]"
DEBUG main org.apache.http.wire - << "Access-Control-Allow-Headers: X-Requested-With,X-Sequence,X-Ca-Key,X-Ca-Secret,X-Ca-Version,X-Ca-Timestamp,X-Ca-Nonce,X-Ca-API-Key,X-Ca-Stage,X-Ca-Client-DeviceId,X-Ca-Client-AppId,X-Ca-Signature,X-Ca-Signature-Headers,X-Ca-Signature-Method,X-Forwarded-For,X-Ca-Date,X-Ca-Request-Mode,Authorization,Content-Type,Accept,Accept-Ranges,Cache-Control,Range,Content-MD5[\r][\n]"
DEBUG main org.apache.http.wire - << "Access-Control-Max-Age: 172800[\r][\n]"
DEBUG main org.apache.http.wire - << "X-Ca-Request-Id: B9799D43-CD93-4C7A-9249-E8CCB1FEA444[\r][\n]"
DEBUG main org.apache.http.wire - << "X-Ca-Error-Message: Throttled by API Flow Control[\r][\n]"
DEBUG main org.apache.http.wire - << "[\r][\n]"
DEBUG main org.apache.http.impl.conn.DefaultClientConnection - Receiving response: HTTP/1.1 403 Forbidden
DEBUG main org.apache.http.headers - << HTTP/1.1 403 Forbidden
DEBUG main org.apache.http.headers - << Server: Tengine
DEBUG main org.apache.http.headers - << Date: Thu, 13 Sep 2018 05:56:27 GMT
DEBUG main org.apache.http.headers - << Content-Type: text/plain;charset=UTF-8
DEBUG main org.apache.http.headers - << Content-Length: 0
DEBUG main org.apache.http.headers - << Connection: keep-alive
DEBUG main org.apache.http.headers - << Access-Control-Allow-Origin: *
DEBUG main org.apache.http.headers - << Access-Control-Allow-Methods: GET,POST,PUT,DELETE,HEAD,OPTIONS,PATCH
DEBUG main org.apache.http.headers - << Access-Control-Allow-Headers: X-Requested-With,X-Sequence,X-Ca-Key,X-Ca-Secret,X-Ca-Version,X-Ca-Timestamp,X-Ca-Nonce,X-Ca-API-Key,X-Ca-Stage,X-Ca-Client-DeviceId,X-Ca-Client-AppId,X-Ca-Signature,X-Ca-Signature-Headers,X-Ca-Signature-Method,X-Forwarded-For,X-Ca-Date,X-Ca-Request-Mode,Authorization,Content-Type,Accept,Accept-Ranges,Cache-Control,Range,Content-MD5
DEBUG main org.apache.http.headers - << Access-Control-Max-Age: 172800
DEBUG main org.apache.http.headers - << X-Ca-Request-Id: B9799D43-CD93-4C7A-9249-E8CCB1FEA444
DEBUG main org.apache.http.headers - << X-Ca-Error-Message: Throttled by API Flow Control
DEBUG main org.apache.http.impl.client.DefaultHttpClient - Connection can be kept alive indefinitely
DEBUG main org.apache.http.impl.conn.BasicClientConnectionManager - Releasing connection org.apache.http.impl.conn.ManagedClientConnectionImpl@6c3708b3
DEBUG main org.apache.http.impl.conn.BasicClientConnectionManager - Connection can be kept alive indefinitely
DEBUG main org.apache.http.impl.conn.BasicClientConnectionManager - Get connection for route {}->http://jisutqybmf.market.alicloudapi.com
DEBUG main org.apache.http.impl.conn.DefaultClientConnectionOperator - Connecting to jisutqybmf.market.alicloudapi.com:80
DEBUG main org.apache.http.client.protocol.RequestAddCookies - CookieSpec selected: best-match
DEBUG main org.apache.http.client.protocol.RequestAuthCache - Auth cache not set in the context
DEBUG main org.apache.http.client.protocol.RequestProxyAuthentication - Proxy auth state: UNCHALLENGED
DEBUG main org.apache.http.impl.client.DefaultHttpClient - Attempt 1 to execute request
DEBUG main org.apache.http.impl.conn.DefaultClientConnection - Sending request: GET /weather/query?citycode=citycode&city=%E5%94%90%E5%B1%B1%E5%B8%82&ip=ip&location=location&cityid=cityid HTTP/1.1
DEBUG main org.apache.http.wire - >> "GET /weather/query?citycode=citycode&city=%E5%94%90%E5%B1%B1%E5%B8%82&ip=ip&location=location&cityid=cityid HTTP/1.1[\r][\n]"
DEBUG main org.apache.http.wire - >> "Authorization: APPCODE f001b7a48d474b8e89f7006d440bd200[\r][\n]"
DEBUG main org.apache.http.wire - >> "Host: jisutqybmf.market.alicloudapi.com[\r][\n]"
DEBUG main org.apache.http.wire - >> "Connection: Keep-Alive[\r][\n]"
DEBUG main org.apache.http.wire - >> "User-Agent: Apache-HttpClient/4.2.5 (java 1.5)[\r][\n]"
DEBUG main org.apache.http.wire - >> "[\r][\n]"
DEBUG main org.apache.http.headers - >> GET /weather/query?citycode=citycode&city=%E5%94%90%E5%B1%B1%E5%B8%82&ip=ip&location=location&cityid=cityid HTTP/1.1
DEBUG main org.apache.http.headers - >> Authorization: APPCODE f001b7a48d474b8e89f7006d440bd200
DEBUG main org.apache.http.headers - >> Host: jisutqybmf.market.alicloudapi.com
DEBUG main org.apache.http.headers - >> Connection: Keep-Alive
DEBUG main org.apache.http.headers - >> User-Agent: Apache-HttpClient/4.2.5 (java 1.5)
DEBUG main org.apache.http.wire - << "HTTP/1.1 403 Forbidden[\r][\n]"
DEBUG main org.apache.http.wire - << "Server: Tengine[\r][\n]"
DEBUG main org.apache.http.wire - << "Date: Thu, 13 Sep 2018 05:56:46 GMT[\r][\n]"
DEBUG main org.apache.http.wire - << "Content-Type: text/plain;charset=UTF-8[\r][\n]"
DEBUG main org.apache.http.wire - << "Content-Length: 0[\r][\n]"
DEBUG main org.apache.http.wire - << "Connection: keep-alive[\r][\n]"
DEBUG main org.apache.http.wire - << "Access-Control-Allow-Origin: *[\r][\n]"
DEBUG main org.apache.http.wire - << "Access-Control-Allow-Methods: GET,POST,PUT,DELETE,HEAD,OPTIONS,PATCH[\r][\n]"
DEBUG main org.apache.http.wire - << "Access-Control-Allow-Headers: X-Requested-With,X-Sequence,X-Ca-Key,X-Ca-Secret,X-Ca-Version,X-Ca-Timestamp,X-Ca-Nonce,X-Ca-API-Key,X-Ca-Stage,X-Ca-Client-DeviceId,X-Ca-Client-AppId,X-Ca-Signature,X-Ca-Signature-Headers,X-Ca-Signature-Method,X-Forwarded-For,X-Ca-Date,X-Ca-Request-Mode,Authorization,Content-Type,Accept,Accept-Ranges,Cache-Control,Range,Content-MD5[\r][\n]"
DEBUG main org.apache.http.wire - << "Access-Control-Max-Age: 172800[\r][\n]"
DEBUG main org.apache.http.wire - << "X-Ca-Request-Id: 0F376A79-AD05-461A-B11E-7AC6FE79F9D7[\r][\n]"
DEBUG main org.apache.http.wire - << "X-Ca-Error-Message: Throttled by API Flow Control[\r][\n]"
DEBUG main org.apache.http.wire - << "[\r][\n]"
DEBUG main org.apache.http.impl.conn.DefaultClientConnection - Receiving response: HTTP/1.1 403 Forbidden
DEBUG main org.apache.http.headers - << HTTP/1.1 403 Forbidden
DEBUG main org.apache.http.headers - << Server: Tengine
DEBUG main org.apache.http.headers - << Date: Thu, 13 Sep 2018 05:56:46 GMT
DEBUG main org.apache.http.headers - << Content-Type: text/plain;charset=UTF-8
DEBUG main org.apache.http.headers - << Content-Length: 0
DEBUG main org.apache.http.headers - << Connection: keep-alive
DEBUG main org.apache.http.headers - << Access-Control-Allow-Origin: *
DEBUG main org.apache.http.headers - << Access-Control-Allow-Methods: GET,POST,PUT,DELETE,HEAD,OPTIONS,PATCH
DEBUG main org.apache.http.headers - << Access-Control-Allow-Headers: X-Requested-With,X-Sequence,X-Ca-Key,X-Ca-Secret,X-Ca-Version,X-Ca-Timestamp,X-Ca-Nonce,X-Ca-API-Key,X-Ca-Stage,X-Ca-Client-DeviceId,X-Ca-Client-AppId,X-Ca-Signature,X-Ca-Signature-Headers,X-Ca-Signature-Method,X-Forwarded-For,X-Ca-Date,X-Ca-Request-Mode,Authorization,Content-Type,Accept,Accept-Ranges,Cache-Control,Range,Content-MD5
DEBUG main org.apache.http.headers - << Access-Control-Max-Age: 172800
DEBUG main org.apache.http.headers - << X-Ca-Request-Id: 0F376A79-AD05-461A-B11E-7AC6FE79F9D7
DEBUG main org.apache.http.headers - << X-Ca-Error-Message: Throttled by API Flow Control
DEBUG main org.apache.http.impl.client.DefaultHttpClient - Connection can be kept alive indefinitely
DEBUG main org.apache.http.impl.conn.BasicClientConnectionManager - Releasing connection org.apache.http.impl.conn.ManagedClientConnectionImpl@6c3708b3
DEBUG main org.apache.http.impl.conn.BasicClientConnectionManager - Connection can be kept alive indefinitely
DEBUG main org.apache.http.impl.conn.BasicClientConnectionManager - Get connection for route {}->http://jisutqybmf.market.alicloudapi.com
DEBUG main org.apache.http.impl.conn.DefaultClientConnectionOperator - Connecting to jisutqybmf.market.alicloudapi.com:80
DEBUG main org.apache.http.client.protocol.RequestAddCookies - CookieSpec selected: best-match
DEBUG main org.apache.http.client.protocol.RequestAuthCache - Auth cache not set in the context
DEBUG main org.apache.http.client.protocol.RequestProxyAuthentication - Proxy auth state: UNCHALLENGED
DEBUG main org.apache.http.impl.client.DefaultHttpClient - Attempt 1 to execute request
DEBUG main org.apache.http.impl.conn.DefaultClientConnection - Sending request: GET /weather/query?citycode=citycode&city=%E5%94%90%E5%B1%B1%E5%B8%82&ip=ip&location=location&cityid=cityid HTTP/1.1
DEBUG main org.apache.http.wire - >> "GET /weather/query?citycode=citycode&city=%E5%94%90%E5%B1%B1%E5%B8%82&ip=ip&location=location&cityid=cityid HTTP/1.1[\r][\n]"
DEBUG main org.apache.http.wire - >> "Authorization: APPCODE f001b7a48d474b8e89f7006d440bd200[\r][\n]"
DEBUG main org.apache.http.wire - >> "Host: jisutqybmf.market.alicloudapi.com[\r][\n]"
DEBUG main org.apache.http.wire - >> "Connection: Keep-Alive[\r][\n]"
DEBUG main org.apache.http.wire - >> "User-Agent: Apache-HttpClient/4.2.5 (java 1.5)[\r][\n]"
DEBUG main org.apache.http.wire - >> "[\r][\n]"
DEBUG main org.apache.http.headers - >> GET /weather/query?citycode=citycode&city=%E5%94%90%E5%B1%B1%E5%B8%82&ip=ip&location=location&cityid=cityid HTTP/1.1
DEBUG main org.apache.http.headers - >> Authorization: APPCODE f001b7a48d474b8e89f7006d440bd200
DEBUG main org.apache.http.headers - >> Host: jisutqybmf.market.alicloudapi.com
DEBUG main org.apache.http.headers - >> Connection: Keep-Alive
DEBUG main org.apache.http.headers - >> User-Agent: Apache-HttpClient/4.2.5 (java 1.5)
DEBUG main org.apache.http.wire - << "HTTP/1.1 403 Forbidden[\r][\n]"
DEBUG main org.apache.http.wire - << "Server: Tengine[\r][\n]"
DEBUG main org.apache.http.wire - << "Date: Thu, 13 Sep 2018 06:00:06 GMT[\r][\n]"
DEBUG main org.apache.http.wire - << "Content-Type: text/plain;charset=UTF-8[\r][\n]"
DEBUG main org.apache.http.wire - << "Content-Length: 0[\r][\n]"
DEBUG main org.apache.http.wire - << "Connection: keep-alive[\r][\n]"
DEBUG main org.apache.http.wire - << "Access-Control-Allow-Origin: *[\r][\n]"
DEBUG main org.apache.http.wire - << "Access-Control-Allow-Methods: GET,POST,PUT,DELETE,HEAD,OPTIONS,PATCH[\r][\n]"
DEBUG main org.apache.http.wire - << "Access-Control-Allow-Headers: X-Requested-With,X-Sequence,X-Ca-Key,X-Ca-Secret,X-Ca-Version,X-Ca-Timestamp,X-Ca-Nonce,X-Ca-API-Key,X-Ca-Stage,X-Ca-Client-DeviceId,X-Ca-Client-AppId,X-Ca-Signature,X-Ca-Signature-Headers,X-Ca-Signature-Method,X-Forwarded-For,X-Ca-Date,X-Ca-Request-Mode,Authorization,Content-Type,Accept,Accept-Ranges,Cache-Control,Range,Content-MD5[\r][\n]"
DEBUG main org.apache.http.wire - << "Access-Control-Max-Age: 172800[\r][\n]"
DEBUG main org.apache.http.wire - << "X-Ca-Request-Id: 94C5E1E8-31FE-4347-B04E-05304772579E[\r][\n]"
DEBUG main org.apache.http.wire - << "X-Ca-Error-Message: Throttled by API Flow Control[\r][\n]"
DEBUG main org.apache.http.wire - << "[\r][\n]"
DEBUG main org.apache.http.impl.conn.DefaultClientConnection - Receiving response: HTTP/1.1 403 Forbidden
DEBUG main org.apache.http.headers - << HTTP/1.1 403 Forbidden
DEBUG main org.apache.http.headers - << Server: Tengine
DEBUG main org.apache.http.headers - << Date: Thu, 13 Sep 2018 06:00:06 GMT
DEBUG main org.apache.http.headers - << Content-Type: text/plain;charset=UTF-8
DEBUG main org.apache.http.headers - << Content-Length: 0
DEBUG main org.apache.http.headers - << Connection: keep-alive
DEBUG main org.apache.http.headers - << Access-Control-Allow-Origin: *
DEBUG main org.apache.http.headers - << Access-Control-Allow-Methods: GET,POST,PUT,DELETE,HEAD,OPTIONS,PATCH
DEBUG main org.apache.http.headers - << Access-Control-Allow-Headers: X-Requested-With,X-Sequence,X-Ca-Key,X-Ca-Secret,X-Ca-Version,X-Ca-Timestamp,X-Ca-Nonce,X-Ca-API-Key,X-Ca-Stage,X-Ca-Client-DeviceId,X-Ca-Client-AppId,X-Ca-Signature,X-Ca-Signature-Headers,X-Ca-Signature-Method,X-Forwarded-For,X-Ca-Date,X-Ca-Request-Mode,Authorization,Content-Type,Accept,Accept-Ranges,Cache-Control,Range,Content-MD5
DEBUG main org.apache.http.headers - << Access-Control-Max-Age: 172800
DEBUG main org.apache.http.headers - << X-Ca-Request-Id: 94C5E1E8-31FE-4347-B04E-05304772579E
DEBUG main org.apache.http.headers - << X-Ca-Error-Message: Throttled by API Flow Control
DEBUG main org.apache.http.impl.client.DefaultHttpClient - Connection can be kept alive indefinitely
DEBUG main org.apache.http.impl.conn.BasicClientConnectionManager - Releasing connection org.apache.http.impl.conn.ManagedClientConnectionImpl@6c3708b3
DEBUG main org.apache.http.impl.conn.BasicClientConnectionManager - Connection can be kept alive indefinitely
DEBUG main org.apache.http.impl.conn.BasicClientConnectionManager - Get connection for route {}->http://jisutqybmf.market.alicloudapi.com
DEBUG main org.apache.http.impl.conn.DefaultClientConnectionOperator - Connecting to jisutqybmf.market.alicloudapi.com:80
DEBUG main org.apache.http.client.protocol.RequestAddCookies - CookieSpec selected: best-match
DEBUG main org.apache.http.client.protocol.RequestAuthCache - Auth cache not set in the context
DEBUG main org.apache.http.client.protocol.RequestProxyAuthentication - Proxy auth state: UNCHALLENGED
DEBUG main org.apache.http.impl.client.DefaultHttpClient - Attempt 1 to execute request
DEBUG main org.apache.http.impl.conn.DefaultClientConnection - Sending request: GET /weather/query?citycode=citycode&city=%E6%B7%AE%E5%AE%89&ip=ip&location=location&cityid=cityid HTTP/1.1
DEBUG main org.apache.http.wire - >> "GET /weather/query?citycode=citycode&city=%E6%B7%AE%E5%AE%89&ip=ip&location=location&cityid=cityid HTTP/1.1[\r][\n]"
DEBUG main org.apache.http.wire - >> "Authorization: APPCODE f001b7a48d474b8e89f7006d440bd200[\r][\n]"
DEBUG main org.apache.http.wire - >> "Host: jisutqybmf.market.alicloudapi.com[\r][\n]"
DEBUG main org.apache.http.wire - >> "Connection: Keep-Alive[\r][\n]"
DEBUG main org.apache.http.wire - >> "User-Agent: Apache-HttpClient/4.2.5 (java 1.5)[\r][\n]"
DEBUG main org.apache.http.wire - >> "[\r][\n]"
DEBUG main org.apache.http.headers - >> GET /weather/query?citycode=citycode&city=%E6%B7%AE%E5%AE%89&ip=ip&location=location&cityid=cityid HTTP/1.1
DEBUG main org.apache.http.headers - >> Authorization: APPCODE f001b7a48d474b8e89f7006d440bd200
DEBUG main org.apache.http.headers - >> Host: jisutqybmf.market.alicloudapi.com
DEBUG main org.apache.http.headers - >> Connection: Keep-Alive
DEBUG main org.apache.http.headers - >> User-Agent: Apache-HttpClient/4.2.5 (java 1.5)
DEBUG main org.apache.http.wire - << "HTTP/1.1 403 Forbidden[\r][\n]"
DEBUG main org.apache.http.wire - << "Server: Tengine[\r][\n]"
DEBUG main org.apache.http.wire - << "Date: Thu, 13 Sep 2018 06:01:17 GMT[\r][\n]"
DEBUG main org.apache.http.wire - << "Content-Type: text/plain;charset=UTF-8[\r][\n]"
DEBUG main org.apache.http.wire - << "Content-Length: 0[\r][\n]"
DEBUG main org.apache.http.wire - << "Connection: keep-alive[\r][\n]"
DEBUG main org.apache.http.wire - << "Access-Control-Allow-Origin: *[\r][\n]"
DEBUG main org.apache.http.wire - << "Access-Control-Allow-Methods: GET,POST,PUT,DELETE,HEAD,OPTIONS,PATCH[\r][\n]"
DEBUG main org.apache.http.wire - << "Access-Control-Allow-Headers: X-Requested-With,X-Sequence,X-Ca-Key,X-Ca-Secret,X-Ca-Version,X-Ca-Timestamp,X-Ca-Nonce,X-Ca-API-Key,X-Ca-Stage,X-Ca-Client-DeviceId,X-Ca-Client-AppId,X-Ca-Signature,X-Ca-Signature-Headers,X-Ca-Signature-Method,X-Forwarded-For,X-Ca-Date,X-Ca-Request-Mode,Authorization,Content-Type,Accept,Accept-Ranges,Cache-Control,Range,Content-MD5[\r][\n]"
DEBUG main org.apache.http.wire - << "Access-Control-Max-Age: 172800[\r][\n]"
DEBUG main org.apache.http.wire - << "X-Ca-Request-Id: 1AA674DA-DC8F-4E6A-AD9F-EB7FDA43F88C[\r][\n]"
DEBUG main org.apache.http.wire - << "X-Ca-Error-Message: Throttled by API Flow Control[\r][\n]"
DEBUG main org.apache.http.wire - << "[\r][\n]"
DEBUG main org.apache.http.impl.conn.DefaultClientConnection - Receiving response: HTTP/1.1 403 Forbidden
DEBUG main org.apache.http.headers - << HTTP/1.1 403 Forbidden
DEBUG main org.apache.http.headers - << Server: Tengine
DEBUG main org.apache.http.headers - << Date: Thu, 13 Sep 2018 06:01:17 GMT
DEBUG main org.apache.http.headers - << Content-Type: text/plain;charset=UTF-8
DEBUG main org.apache.http.headers - << Content-Length: 0
DEBUG main org.apache.http.headers - << Connection: keep-alive
DEBUG main org.apache.http.headers - << Access-Control-Allow-Origin: *
DEBUG main org.apache.http.headers - << Access-Control-Allow-Methods: GET,POST,PUT,DELETE,HEAD,OPTIONS,PATCH
DEBUG main org.apache.http.headers - << Access-Control-Allow-Headers: X-Requested-With,X-Sequence,X-Ca-Key,X-Ca-Secret,X-Ca-Version,X-Ca-Timestamp,X-Ca-Nonce,X-Ca-API-Key,X-Ca-Stage,X-Ca-Client-DeviceId,X-Ca-Client-AppId,X-Ca-Signature,X-Ca-Signature-Headers,X-Ca-Signature-Method,X-Forwarded-For,X-Ca-Date,X-Ca-Request-Mode,Authorization,Content-Type,Accept,Accept-Ranges,Cache-Control,Range,Content-MD5
DEBUG main org.apache.http.headers - << Access-Control-Max-Age: 172800
DEBUG main org.apache.http.headers - << X-Ca-Request-Id: 1AA674DA-DC8F-4E6A-AD9F-EB7FDA43F88C
DEBUG main org.apache.http.headers - << X-Ca-Error-Message: Throttled by API Flow Control
DEBUG main org.apache.http.impl.client.DefaultHttpClient - Connection can be kept alive indefinitely
DEBUG main org.apache.http.impl.conn.BasicClientConnectionManager - Releasing connection org.apache.http.impl.conn.ManagedClientConnectionImpl@6c3708b3
DEBUG main org.apache.http.impl.conn.BasicClientConnectionManager - Connection can be kept alive indefinitely
DEBUG main org.apache.http.impl.conn.BasicClientConnectionManager - Get connection for route {}->http://jisuznwd.market.alicloudapi.com
DEBUG main org.apache.http.impl.conn.DefaultClientConnectionOperator - Connecting to jisuznwd.market.alicloudapi.com:80
DEBUG main org.apache.http.client.protocol.RequestAddCookies - CookieSpec selected: best-match
DEBUG main org.apache.http.client.protocol.RequestAuthCache - Auth cache not set in the context
DEBUG main org.apache.http.client.protocol.RequestProxyAuthentication - Proxy auth state: UNCHALLENGED
DEBUG main org.apache.http.impl.client.DefaultHttpClient - Attempt 1 to execute request
DEBUG main org.apache.http.impl.conn.DefaultClientConnection - Sending request: GET /iqa/query?question=%E5%A4%A9%E6%B0%94 HTTP/1.1
DEBUG main org.apache.http.wire - >> "GET /iqa/query?question=%E5%A4%A9%E6%B0%94 HTTP/1.1[\r][\n]"
DEBUG main org.apache.http.wire - >> "Authorization: APPCODE f001b7a48d474b8e89f7006d440bd200[\r][\n]"
DEBUG main org.apache.http.wire - >> "Host: jisuznwd.market.alicloudapi.com[\r][\n]"
DEBUG main org.apache.http.wire - >> "Connection: Keep-Alive[\r][\n]"
DEBUG main org.apache.http.wire - >> "User-Agent: Apache-HttpClient/4.2.5 (java 1.5)[\r][\n]"
DEBUG main org.apache.http.wire - >> "[\r][\n]"
DEBUG main org.apache.http.headers - >> GET /iqa/query?question=%E5%A4%A9%E6%B0%94 HTTP/1.1
DEBUG main org.apache.http.headers - >> Authorization: APPCODE f001b7a48d474b8e89f7006d440bd200
DEBUG main org.apache.http.headers - >> Host: jisuznwd.market.alicloudapi.com
DEBUG main org.apache.http.headers - >> Connection: Keep-Alive
DEBUG main org.apache.http.headers - >> User-Agent: Apache-HttpClient/4.2.5 (java 1.5)
DEBUG main org.apache.http.wire - << "HTTP/1.1 503 Service Unavailable[\r][\n]"
DEBUG main org.apache.http.wire - << "Server: Tengine[\r][\n]"
DEBUG main org.apache.http.wire - << "Date: Thu, 13 Sep 2018 09:37:49 GMT[\r][\n]"
DEBUG main org.apache.http.wire - << "Content-Type: application/json; charset=UTF-8[\r][\n]"
DEBUG main org.apache.http.wire - << "Content-Length: 0[\r][\n]"
DEBUG main org.apache.http.wire - << "Connection: keep-alive[\r][\n]"
DEBUG main org.apache.http.wire - << "Access-Control-Allow-Origin: *[\r][\n]"
DEBUG main org.apache.http.wire - << "Access-Control-Allow-Methods: GET,POST,PUT,DELETE,HEAD,OPTIONS,PATCH[\r][\n]"
DEBUG main org.apache.http.wire - << "Access-Control-Allow-Headers: X-Requested-With,X-Sequence,X-Ca-Key,X-Ca-Secret,X-Ca-Version,X-Ca-Timestamp,X-Ca-Nonce,X-Ca-API-Key,X-Ca-Stage,X-Ca-Client-DeviceId,X-Ca-Client-AppId,X-Ca-Signature,X-Ca-Signature-Headers,X-Ca-Signature-Method,X-Forwarded-For,X-Ca-Date,X-Ca-Request-Mode,Authorization,Content-Type,Accept,Accept-Ranges,Cache-Control,Range,Content-MD5[\r][\n]"
DEBUG main org.apache.http.wire - << "Access-Control-Max-Age: 172800[\r][\n]"
DEBUG main org.apache.http.wire - << "X-Ca-Request-Id: 4DD1358D-7AD1-4C96-8BA3-0949DF9B8DB0[\r][\n]"
DEBUG main org.apache.http.wire - << "X-Ca-Error-Message: Service Unavailable[\r][\n]"
DEBUG main org.apache.http.wire - << "[\r][\n]"
DEBUG main org.apache.http.impl.conn.DefaultClientConnection - Receiving response: HTTP/1.1 503 Service Unavailable
DEBUG main org.apache.http.headers - << HTTP/1.1 503 Service Unavailable
DEBUG main org.apache.http.headers - << Server: Tengine
DEBUG main org.apache.http.headers - << Date: Thu, 13 Sep 2018 09:37:49 GMT
DEBUG main org.apache.http.headers - << Content-Type: application/json; charset=UTF-8
DEBUG main org.apache.http.headers - << Content-Length: 0
DEBUG main org.apache.http.headers - << Connection: keep-alive
DEBUG main org.apache.http.headers - << Access-Control-Allow-Origin: *
DEBUG main org.apache.http.headers - << Access-Control-Allow-Methods: GET,POST,PUT,DELETE,HEAD,OPTIONS,PATCH
DEBUG main org.apache.http.headers - << Access-Control-Allow-Headers: X-Requested-With,X-Sequence,X-Ca-Key,X-Ca-Secret,X-Ca-Version,X-Ca-Timestamp,X-Ca-Nonce,X-Ca-API-Key,X-Ca-Stage,X-Ca-Client-DeviceId,X-Ca-Client-AppId,X-Ca-Signature,X-Ca-Signature-Headers,X-Ca-Signature-Method,X-Forwarded-For,X-Ca-Date,X-Ca-Request-Mode,Authorization,Content-Type,Accept,Accept-Ranges,Cache-Control,Range,Content-MD5
DEBUG main org.apache.http.headers - << Access-Control-Max-Age: 172800
DEBUG main org.apache.http.headers - << X-Ca-Request-Id: 4DD1358D-7AD1-4C96-8BA3-0949DF9B8DB0
DEBUG main org.apache.http.headers - << X-Ca-Error-Message: Service Unavailable
DEBUG main org.apache.http.impl.client.DefaultHttpClient - Connection can be kept alive indefinitely
DEBUG main org.apache.http.impl.conn.BasicClientConnectionManager - Releasing connection org.apache.http.impl.conn.ManagedClientConnectionImpl@6c3708b3
DEBUG main org.apache.http.impl.conn.BasicClientConnectionManager - Connection can be kept alive indefinitely
DEBUG main org.apache.http.impl.conn.BasicClientConnectionManager - Get connection for route {}->http://jisutqybmf.market.alicloudapi.com
DEBUG main org.apache.http.impl.conn.DefaultClientConnectionOperator - Connecting to jisutqybmf.market.alicloudapi.com:80
DEBUG main org.apache.http.client.protocol.RequestAddCookies - CookieSpec selected: best-match
DEBUG main org.apache.http.client.protocol.RequestAuthCache - Auth cache not set in the context
DEBUG main org.apache.http.client.protocol.RequestProxyAuthentication - Proxy auth state: UNCHALLENGED
DEBUG main org.apache.http.impl.client.DefaultHttpClient - Attempt 1 to execute request
DEBUG main org.apache.http.impl.conn.DefaultClientConnection - Sending request: GET /weather/query?citycode=citycode&city=%E5%94%90%E5%B1%B1%E5%B8%82&ip=ip&location=location&cityid=cityid HTTP/1.1
DEBUG main org.apache.http.wire - >> "GET /weather/query?citycode=citycode&city=%E5%94%90%E5%B1%B1%E5%B8%82&ip=ip&location=location&cityid=cityid HTTP/1.1[\r][\n]"
DEBUG main org.apache.http.wire - >> "Authorization: APPCODE c070ff13e49b4af5962ce31e46b04867[\r][\n]"
DEBUG main org.apache.http.wire - >> "Host: jisutqybmf.market.alicloudapi.com[\r][\n]"
DEBUG main org.apache.http.wire - >> "Connection: Keep-Alive[\r][\n]"
DEBUG main org.apache.http.wire - >> "User-Agent: Apache-HttpClient/4.2.5 (java 1.5)[\r][\n]"
DEBUG main org.apache.http.wire - >> "[\r][\n]"
DEBUG main org.apache.http.headers - >> GET /weather/query?citycode=citycode&city=%E5%94%90%E5%B1%B1%E5%B8%82&ip=ip&location=location&cityid=cityid HTTP/1.1
DEBUG main org.apache.http.headers - >> Authorization: APPCODE c070ff13e49b4af5962ce31e46b04867
DEBUG main org.apache.http.headers - >> Host: jisutqybmf.market.alicloudapi.com
DEBUG main org.apache.http.headers - >> Connection: Keep-Alive
DEBUG main org.apache.http.headers - >> User-Agent: Apache-HttpClient/4.2.5 (java 1.5)
DEBUG main org.apache.http.wire - << "HTTP/1.1 403 Forbidden[\r][\n]"
DEBUG main org.apache.http.wire - << "Server: Tengine[\r][\n]"
DEBUG main org.apache.http.wire - << "Date: Thu, 20 Sep 2018 02:43:26 GMT[\r][\n]"
DEBUG main org.apache.http.wire - << "Content-Type: text/plain;charset=UTF-8[\r][\n]"
DEBUG main org.apache.http.wire - << "Content-Length: 0[\r][\n]"
DEBUG main org.apache.http.wire - << "Connection: keep-alive[\r][\n]"
DEBUG main org.apache.http.wire - << "Access-Control-Allow-Origin: *[\r][\n]"
DEBUG main org.apache.http.wire - << "Access-Control-Allow-Methods: GET,POST,PUT,DELETE,HEAD,OPTIONS,PATCH[\r][\n]"
DEBUG main org.apache.http.wire - << "Access-Control-Allow-Headers: X-Requested-With,X-Sequence,X-Ca-Key,X-Ca-Secret,X-Ca-Version,X-Ca-Timestamp,X-Ca-Nonce,X-Ca-API-Key,X-Ca-Stage,X-Ca-Client-DeviceId,X-Ca-Client-AppId,X-Ca-Signature,X-Ca-Signature-Headers,X-Ca-Signature-Method,X-Forwarded-For,X-Ca-Date,X-Ca-Request-Mode,Authorization,Content-Type,Accept,Accept-Ranges,Cache-Control,Range,Content-MD5[\r][\n]"
DEBUG main org.apache.http.wire - << "Access-Control-Max-Age: 172800[\r][\n]"
DEBUG main org.apache.http.wire - << "X-Ca-Request-Id: 67FD99CC-5AF8-4D34-BDF1-9676EEC25AAC[\r][\n]"
DEBUG main org.apache.http.wire - << "X-Ca-Error-Message: Throttled by API Flow Control[\r][\n]"
DEBUG main org.apache.http.wire - << "[\r][\n]"
DEBUG main org.apache.http.impl.conn.DefaultClientConnection - Receiving response: HTTP/1.1 403 Forbidden
DEBUG main org.apache.http.headers - << HTTP/1.1 403 Forbidden
DEBUG main org.apache.http.headers - << Server: Tengine
DEBUG main org.apache.http.headers - << Date: Thu, 20 Sep 2018 02:43:26 GMT
DEBUG main org.apache.http.headers - << Content-Type: text/plain;charset=UTF-8
DEBUG main org.apache.http.headers - << Content-Length: 0
DEBUG main org.apache.http.headers - << Connection: keep-alive
DEBUG main org.apache.http.headers - << Access-Control-Allow-Origin: *
DEBUG main org.apache.http.headers - << Access-Control-Allow-Methods: GET,POST,PUT,DELETE,HEAD,OPTIONS,PATCH
DEBUG main org.apache.http.headers - << Access-Control-Allow-Headers: X-Requested-With,X-Sequence,X-Ca-Key,X-Ca-Secret,X-Ca-Version,X-Ca-Timestamp,X-Ca-Nonce,X-Ca-API-Key,X-Ca-Stage,X-Ca-Client-DeviceId,X-Ca-Client-AppId,X-Ca-Signature,X-Ca-Signature-Headers,X-Ca-Signature-Method,X-Forwarded-For,X-Ca-Date,X-Ca-Request-Mode,Authorization,Content-Type,Accept,Accept-Ranges,Cache-Control,Range,Content-MD5
DEBUG main org.apache.http.headers - << Access-Control-Max-Age: 172800
DEBUG main org.apache.http.headers - << X-Ca-Request-Id: 67FD99CC-5AF8-4D34-BDF1-9676EEC25AAC
DEBUG main org.apache.http.headers - << X-Ca-Error-Message: Throttled by API Flow Control
DEBUG main org.apache.http.impl.client.DefaultHttpClient - Connection can be kept alive indefinitely
DEBUG main org.apache.http.impl.conn.BasicClientConnectionManager - Releasing connection org.apache.http.impl.conn.ManagedClientConnectionImpl@6c3708b3
DEBUG main org.apache.http.impl.conn.BasicClientConnectionManager - Connection can be kept alive indefinitely
